<?xml version="1.0" encoding="UTF-8"?>
<testsuite xmlns:xsi="http://www.w3.org/2001/XMLSchema-instance" xsi:noNamespaceSchemaLocation="https://maven.apache.org/surefire/maven-surefire-plugin/xsd/surefire-test-report-3.0.xsd" version="3.0" name="br.edu.ads1231.BoardGameCatalogTest" time="0.062" tests="4" errors="0" skipped="0" failures="0">
  <properties>
    <property name="java.specification.version" value="21"/>
    <property name="sun.cpu.isalist" value="amd64"/>
    <property name="sun.jnu.encoding" value="Cp1252"/>
    <property name="java.class.path" value="C:\Users\55629\Desktop\Murilo_Studies\GIT\aula7-Devops\atividade-aula7\boardgame-lib\target\test-classes;C:\Users\55629\Desktop\Murilo_Studies\GIT\aula7-Devops\atividade-aula7\boardgame-lib\target\classes;C:\Users\55629\.m2\repository\org\junit\jupiter\junit-jupiter\5.10.2\junit-jupiter-5.10.2.jar;C:\Users\55629\.m2\repository\org\junit\jupiter\junit-jupiter-api\5.10.2\junit-jupiter-api-5.10.2.jar;C:\Users\55629\.m2\repository\org\opentest4j\opentest4j\1.3.0\opentest4j-1.3.0.jar;C:\Users\55629\.m2\repository\org\junit\platform\junit-platform-commons\1.10.2\junit-platform-commons-1.10.2.jar;C:\Users\55629\.m2\repository\org\apiguardian\apiguardian-api\1.1.2\apiguardian-api-1.1.2.jar;C:\Users\55629\.m2\repository\org\junit\jupiter\junit-jupiter-params\5.10.2\junit-jupiter-params-5.10.2.jar;C:\Users\55629\.m2\repository\org\junit\jupiter\junit-jupiter-engine\5.10.2\junit-jupiter-engine-5.10.2.jar;C:\Users\55629\.m2\repository\org\junit\platform\junit-platform-engine\1.10.2\junit-platform-engine-1.10.2.jar;"/>
    <property name="java.vm.vendor" value="Oracle Corporation"/>
    <property name="sun.arch.data.model" value="64"/>
    <property name="user.variant" value=""/>
    <property name="java.vendor.url" value="https://java.oracle.com/"/>
    <property name="user.timezone" value="America/Sao_Paulo"/>
    <property name="os.name" value="Windows 11"/>
    <property name="java.vm.specification.version" value="21"/>
    <property name="sun.java.launcher" value="SUN_STANDARD"/>
    <property name="user.country" value="BR"/>
    <property name="sun.boot.library.path" value="C:\Developement\Tools\Java\Java-21\bin"/>
    <property name="sun.java.command" value="C:\Users\55629\AppData\Local\Temp\surefire7588862448994452165\surefirebooter-20250929223950899_3.jar C:\Users\55629\AppData\Local\Temp\surefire7588862448994452165 2025-09-29T22-39-50_607-jvmRun1 surefire-20250929223950899_1tmp surefire_0-20250929223950899_2tmp"/>
    <property name="jdk.debug" value="release"/>
    <property name="surefire.test.class.path" value="C:\Users\55629\Desktop\Murilo_Studies\GIT\aula7-Devops\atividade-aula7\boardgame-lib\target\test-classes;C:\Users\55629\Desktop\Murilo_Studies\GIT\aula7-Devops\atividade-aula7\boardgame-lib\target\classes;C:\Users\55629\.m2\repository\org\junit\jupiter\junit-jupiter\5.10.2\junit-jupiter-5.10.2.jar;C:\Users\55629\.m2\repository\org\junit\jupiter\junit-jupiter-api\5.10.2\junit-jupiter-api-5.10.2.jar;C:\Users\55629\.m2\repository\org\opentest4j\opentest4j\1.3.0\opentest4j-1.3.0.jar;C:\Users\55629\.m2\repository\org\junit\platform\junit-platform-commons\1.10.2\junit-platform-commons-1.10.2.jar;C:\Users\55629\.m2\repository\org\apiguardian\apiguardian-api\1.1.2\apiguardian-api-1.1.2.jar;C:\Users\55629\.m2\repository\org\junit\jupiter\junit-jupiter-params\5.10.2\junit-jupiter-params-5.10.2.jar;C:\Users\55629\.m2\repository\org\junit\jupiter\junit-jupiter-engine\5.10.2\junit-jupiter-engine-5.10.2.jar;C:\Users\55629\.m2\repository\org\junit\platform\junit-platform-engine\1.10.2\junit-platform-engine-1.10.2.jar;"/>
    <property name="sun.cpu.endian" value="little"/>
    <property name="user.home" value="C:\Users\55629"/>
    <property name="user.language" value="pt"/>
    <property name="java.specification.vendor" value="Oracle Corporation"/>
    <property name="java.version.date" value="2024-01-16"/>
    <property name="java.home" value="C:\Developement\Tools\Java\Java-21"/>
    <property name="file.separator" value="\"/>
    <property name="basedir" value="C:\Users\55629\Desktop\Murilo_Studies\GIT\aula7-Devops\atividade-aula7\boardgame-lib"/>
    <property name="java.vm.compressedOopsMode" value="32-bit"/>
    <property name="line.separator" value="&#10;"/>
    <property name="java.vm.specification.vendor" value="Oracle Corporation"/>
    <property name="java.specification.name" value="Java Platform API Specification"/>
    <property name="surefire.real.class.path" value="C:\Users\55629\AppData\Local\Temp\surefire7588862448994452165\surefirebooter-20250929223950899_3.jar"/>
    <property name="user.script" value=""/>
    <property name="sun.management.compiler" value="HotSpot 64-Bit Tiered Compilers"/>
    <property name="java.runtime.version" value="21.0.2+13-LTS-58"/>
    <property name="user.name" value="55629"/>
    <property name="stdout.encoding" value="Cp1252"/>
    <property name="path.separator" value=";"/>
    <property name="os.version" value="10.0"/>
    <property name="java.runtime.name" value="Java(TM) SE Runtime Environment"/>
    <property name="file.encoding" value="UTF-8"/>
    <property name="java.vm.name" value="Java HotSpot(TM) 64-Bit Server VM"/>
    <property name="localRepository" value="C:\Users\55629\.m2\repository"/>
    <property name="java.vendor.url.bug" value="https://bugreport.java.com/bugreport/"/>
    <property name="java.io.tmpdir" value="C:\Users\55629\AppData\Local\Temp\"/>
    <property name="java.version" value="21.0.2"/>
    <property name="user.dir" value="C:\Users\55629\Desktop\Murilo_Studies\GIT\aula7-Devops\atividade-aula7\boardgame-lib"/>
    <property name="os.arch" value="amd64"/>
    <property name="java.vm.specification.name" value="Java Virtual Machine Specification"/>
    <property name="sun.os.patch.level" value=""/>
    <property name="native.encoding" value="Cp1252"/>
    <property name="java.library.path" value="C:\Developement\Tools\Java\Java-21\bin;C:\WINDOWS\Sun\Java\bin;C:\WINDOWS\system32;C:\WINDOWS;C:\Developement\flutter\bin\cache\dart-sdk\bin\;C:\Program Files (x86)\windows_10_cmake_Release_Graphviz-12.1.0-win64\Graphviz-12.1.0-win64\bin;C:\WINDOWS;C:\WINDOWS\System32\Wbem;C:\WINDOWS\System32\WindowsPowerShell\v1.0\;C:\WINDOWS\System32\OpenSSH\;C:\Program Files\dotnet\;C:\Program Files\Git\cmd;C:\Developement\Tools\Java\Java-21\bin;C:\ProgramData\chocolatey\bin;C:\Windows\System32;C:\Program Files\nodejs\;C:\WINDOWS\system32;C:\Users\55629\AppData\Local\Programs\Python\Python312\Scripts\;C:\Users\55629\AppData\Local\Programs\Python\Python312\;C:\Users\55629\AppData\Local\Programs\Python\Launcher\;C:\Users\55629\AppData\Local\Microsoft\WindowsApps;C:\Users\55629\AppData\Local\Programs\Microsoft VS Code\bin;C:\Users\55629\AppData\Local\GitHubDesktop\bin;C:\Developement\Tools\Java\Java-21\bin;C:\Users\55629\AppData\Local\Programs\Ollama;C:\Users\55629\AppData\Roaming\npm;C:\Developement\flutter\bin;C:\msys64\ucrt64\bin;C:\Developement\Mavem\apache-maven-3.9.11\bin;C:\Developement\Tools\Java\Java-21\bin;;c:\Users\55629\AppData\Roaming\Code\User\globalStorage\github.copilot-chat\debugCommand;."/>
    <property name="java.vm.info" value="mixed mode, sharing"/>
    <property name="stderr.encoding" value="Cp1252"/>
    <property name="java.vendor" value="Oracle Corporation"/>
    <property name="java.vm.version" value="21.0.2+13-LTS-58"/>
    <property name="sun.io.unicode.encoding" value="UnicodeLittle"/>
    <property name="java.class.version" value="65.0"/>
  </properties>
  <testcase name="add_duplicated_id_throws" classname="br.edu.ads1231.BoardGameCatalogTest" time="0.028"/>
  <testcase name="searchByName_is_case_insensitive_and_sorted" classname="br.edu.ads1231.BoardGameCatalogTest" time="0.0"/>
  <testcase name="remove_and_listAll" classname="br.edu.ads1231.BoardGameCatalogTest" time="0.0"/>
  <testcase name="add_and_findById" classname="br.edu.ads1231.BoardGameCatalogTest" time="0.013"/>
</testsuite>